<?xml version="1.0" encoding="UTF-8"?>
<!-- Generated by org.testng.reporters.JUnitXMLReporter -->
<testsuite ignored="8" hostname="DESKTOP-ORMUMH8" failures="0" tests="1" name="Default test" time="9.322" errors="0" timestamp="2023-06-10T16:09:06 BDT">
  <testcase classname="testcases.PrivacyPoliceTestCases" name="logFilesTittleVerify" time="5.756"/>
  <testcase classname="testcases.PrivacyPoliceTestCases" name="contentbodytextVerify" time="0.0">
    <ignored/>
  </testcase> <!-- contentbodytextVerify -->
  <testcase classname="testcases.PrivacyPoliceTestCases" name="overviewBodyTextPart2Verify" time="0.0">
    <ignored/>
  </testcase> <!-- overviewBodyTextPart2Verify -->
  <testcase classname="testcases.PrivacyPoliceTestCases" name="useYourinformationTittleVerify" time="0.0">
    <ignored/>
  </testcase> <!-- useYourinformationTittleVerify -->
  <testcase classname="testcases.PrivacyPoliceTestCases" name="contenttittletextVerify" time="0.0">
    <ignored/>
  </testcase> <!-- contenttittletextVerify -->
  <testcase classname="testcases.PrivacyPoliceTestCases" name="overviewBodyTextPart1Verify" time="0.0">
    <ignored/>
  </testcase> <!-- overviewBodyTextPart1Verify -->
  <testcase classname="testcases.PrivacyPoliceTestCases" name="overviewBodyTextPart3Verify" time="0.0">
    <ignored/>
  </testcase> <!-- overviewBodyTextPart3Verify -->
  <testcase classname="testcases.PrivacyPoliceTestCases" name="informationTittleVerify" time="0.0">
    <ignored/>
  </testcase> <!-- informationTittleVerify -->
  <testcase classname="testcases.PrivacyPoliceTestCases" name="urlVerifyFromHomePage" time="0.0">
    <ignored/>
  </testcase> <!-- urlVerifyFromHomePage -->
</testsuite> <!-- Default test -->
