<?xml version="1.0" encoding="UTF-8"?>
<!-- Generated by org.testng.reporters.JUnitXMLReporter -->
<testsuite ignored="0" hostname="DESKTOP-ORMUMH8" failures="3" tests="190" name="Test" time="1170.189" errors="0" timestamp="2023-07-13T16:40:07 BDT">
  <testcase classname="testcases.LandingTestCases" name="blogsHoverSsTest" time="13.64"/>
  <testcase classname="testcases.LandingTestCases" name="allBlogsButtonTest" time="15.192"/>
  <testcase classname="testcases.LandingTestCases" name="blogsTittleVerify" time="8.605"/>
  <testcase classname="testcases.LandingTestCases" name="dashBoardButtonTesting" time="13.243"/>
  <testcase classname="testcases.LandingTestCases" name="faqSeeMoreButtonTest" time="14.0"/>
  <testcase classname="testcases.LandingTestCases" name="footerAboutUsButtonTest" time="14.695"/>
  <testcase classname="testcases.LandingTestCases" name="footerAddressVerify" time="8.58"/>
  <testcase classname="testcases.LandingTestCases" name="footerBlogsButtonTest" time="9.548"/>
  <testcase classname="testcases.LandingTestCases" name="footerAllTemplateButtonTest" time="26.872"/>
  <testcase classname="testcases.LandingTestCases" name="footerCreateAccountButtonTest" time="19.812"/>
  <testcase classname="testcases.LandingTestCases" name="footerFAQButtonTest" time="10.924"/>
  <testcase classname="testcases.LandingTestCases" name="footerCreateResumeButtonTest" time="30.723"/>
  <testcase classname="testcases.LandingTestCases" name="footerLoginButtonTest" time="19.646"/>
  <testcase classname="testcases.LandingTestCases" name="footerMailVerify" time="16.882"/>
  <testcase classname="testcases.LandingTestCases" name="footerNewsLetterSubcriptionButtonVerify" time="9.593"/>
  <testcase classname="testcases.LandingTestCases" name="footerNewsLetterSubcriptionExistingUser" time="19.148"/>
  <testcase classname="testcases.LandingTestCases" name="footerNewsLetterSubcriptionInvalidMail" time="23.074"/>
  <testcase classname="testcases.LandingTestCases" name="footerNewsLetterSubcriptionValidInput" time="9.977"/>
  <testcase classname="testcases.LandingTestCases" name="footerPhoneVerify" time="10.138"/>
  <testcase classname="testcases.LandingTestCases" name="footerNewsLetterTextVerify" time="18.598"/>
  <testcase classname="testcases.LandingTestCases" name="footerTermsConditionButtonTest" time="14.888"/>
  <testcase classname="testcases.LandingTestCases" name="footerPrivacyPolicyButtonTest" time="20.895"/>
  <testcase classname="testcases.LandingTestCases" name="footerTittleVerify" time="12.332"/>
  <testcase classname="testcases.LandingTestCases" name="landingPageContentSuggestionBodyVerify" time="18.455"/>
  <testcase classname="testcases.LandingTestCases" name="landingPageContentSuggestionTittleVerify" time="18.693"/>
  <testcase classname="testcases.LandingTestCases" name="landingPageExploreAllTemplateButtonTest" time="12.966"/>
  <testcase classname="testcases.LandingTestCases" name="landingPageFAQFirstQuestionAnswerVerify" time="13.377"/>
  <testcase classname="testcases.LandingTestCases" name="landingPageFAQFirstQuestionTittleVerify" time="17.376"/>
  <testcase classname="testcases.LandingTestCases" name="landingPageFAQFiveQuestionTittleVerify" time="6.339"/>
  <testcase classname="testcases.LandingTestCases" name="landingPageFAQFiveQuestionAnswerVerify" time="16.543"/>
  <testcase classname="testcases.LandingTestCases" name="landingPageFAQFourQuestionTittleVerify" time="7.104"/>
  <testcase classname="testcases.LandingTestCases" name="landingPageFAQFourQuestionAnswerVerify" time="13.368"/>
  <testcase classname="testcases.LandingTestCases" name="landingPageFAQSecondQuestionTittleVerify" time="5.234"/>
  <testcase classname="testcases.LandingTestCases" name="landingPageFAQSecondQuestionAnswerVerify" time="13.708"/>
  <testcase classname="testcases.LandingTestCases" name="landingPageFAQThirdQuestionTittleVerify" time="6.312"/>
  <testcase classname="testcases.LandingTestCases" name="landingPageFAQThirdQuestionAnswerVerify" time="13.999"/>
  <testcase classname="testcases.LandingTestCases" name="landingPageFAQVerify" time="6.952"/>
  <testcase classname="testcases.LandingTestCases" name="landingPageFAQTittleVerify" time="12.595"/>
  <testcase classname="testcases.LandingTestCases" name="landingPageHiringManagerTittleVerify" time="5.833"/>
  <testcase classname="testcases.LandingTestCases" name="landingPageNavAboutUsButtonTest" time="5.768"/>
  <testcase classname="testcases.LandingTestCases" name="landingPageNavCartButtonTest" time="4.646"/>
  <testcase classname="testcases.LandingTestCases" name="landingPageNavHomeButtonTest" time="6.01"/>
  <testcase classname="testcases.LandingTestCases" name="landingPageNavLoginButtonTest" time="7.311"/>
  <testcase classname="testcases.LandingTestCases" name="landingPageNavLogoButtonTest" time="3.804"/>
  <testcase classname="testcases.LandingTestCases" name="landingPageNavTemplateButtonTest" time="5.566"/>
  <testcase classname="testcases.LandingTestCases" name="landingPageRecruiterPreferBodyVerify" time="9.792"/>
  <testcase classname="testcases.LandingTestCases" name="landingPageRecruiterPreferCareerSummaryVerify" time="10.174"/>
  <testcase classname="testcases.LandingTestCases" name="landingPageRecruiterPreferCvStructureVerify" time="10.463"/>
  <testcase classname="testcases.LandingTestCases" name="landingPageRecruiterPreferCvTemplateVerify" time="11.947"/>
  <testcase classname="testcases.LandingTestCases" name="landingPageRecruiterPreferProfessionalCertificatesVerify" time="7.517"/>
  <testcase classname="testcases.LandingTestCases" name="landingPageRecruiterPreferTittleVerify" time="8.5"/>
  <testcase classname="testcases.LandingTestCases" name="landingPageRecruiterPreferSkillSetVerify" time="11.498"/>
  <testcase classname="testcases.LandingTestCases" name="landingPageSimpleCvAddinfoTextVerify" time="6.746"/>
  <testcase classname="testcases.LandingTestCases" name="landingPageSeeAllTemplateButtonTest" time="10.224"/>
  <testcase classname="testcases.LandingTestCases" name="landingPageSimpleCvBodyTextVerify" time="8.721"/>
  <testcase classname="testcases.LandingTestCases" name="landingPageSimpleCvDownloadCvTextVerify" time="8.549"/>
  <testcase classname="testcases.LandingTestCases" name="landingPageSimpleCvSelectTemplateTextVerify" time="5.129"/>
  <testcase classname="testcases.LandingTestCases" name="landingPageSimpleCvTittleTextVerify" time="7.986"/>
  <testcase classname="testcases.LandingTestCases" name="landingPageTemplateCvTittleVerify" time="8.108"/>
  <testcase classname="testcases.LandingTestCases" name="landingPageTemplateSelect" time="7.408"/>
  <testcase classname="testcases.LandingTestCases" name="landingPageTittleSentence" time="6.235"/>
  <testcase classname="testcases.LandingTestCases" name="landingPageTopButtonTest" time="8.134"/>
  <testcase classname="testcases.LandingTestCases" name="loginUserCreateFreeCvButtonFromMiddlePageTest" time="16.286"/>
  <testcase classname="testcases.LandingTestCases" name="loginUserCreateFreeCvButtonTest" time="14.926"/>
  <testcase classname="testcases.LandingTestCases" name="logoutButtonTesting" time="11.846"/>
  <testcase classname="testcases.LandingTestCases" name="logoutCreateButtonTest" time="9.207"/>
  <testcase classname="testcases.LandingTestCases" name="logoutUserTopCreateFreeCv" time="4.383"/>
  <testcase classname="testcases.LandingTestCases" name="selectOneBlogDetails" time="8.955"/>
  <testcase classname="testcases.AboutTestCases" name="aboutUsEasyToCreateResumeBody1Verify" time="5.947"/>
  <testcase classname="testcases.AboutTestCases" name="aboutUsEasyToCreateResumeTittleVerify" time="5.607"/>
  <testcase classname="testcases.AboutTestCases" name="aboutUsEasyToCreateResumeBody2Verify" time="8.358"/>
  <testcase classname="testcases.AboutTestCases" name="aboutUsFirstParaVerify" time="3.699"/>
  <testcase classname="testcases.AboutTestCases" name="aboutUsSecondParaVerify" time="6.604"/>
  <testcase classname="testcases.AboutTestCases" name="aboutUsUniqueFeatureBodyVerify" time="4.472"/>
  <testcase classname="testcases.AboutTestCases" name="aboutUsUniqueFeatureTittleVerify" time="7.124"/>
  <testcase classname="testcases.AboutTestCases" name="aboutUsWhyChooseSiteBodyVerify" time="8.175"/>
  <testcase classname="testcases.AboutTestCases" name="headerTittleVerify" time="3.567"/>
  <testcase classname="testcases.AboutTestCases" name="aboutUsWhyChooseSiteTittleVerify" time="9.01"/>
  <testcase classname="testcases.TermConditionTestCases" name="CorrectionsTittleVerify" time="5.711"/>
  <testcase classname="testcases.TermConditionTestCases" name="agreementTittleVerify" time="6.384"/>
  <testcase classname="testcases.TermConditionTestCases" name="contactUsTittleVerify" time="5.283"/>
  <testcase classname="testcases.TermConditionTestCases" name="backButtonTest" time="10.471"/>
  <testcase classname="testcases.TermConditionTestCases" name="contributionLicenseTittleVerify" time="5.688"/>
  <testcase classname="testcases.TermConditionTestCases" name="copyrightInfringmentsTittleVerify" time="8.71"/>
  <testcase classname="testcases.TermConditionTestCases" name="digitalPaymentTittleVerify" time="6.861"/>
  <testcase classname="testcases.TermConditionTestCases" name="disclaimerTittleVerify" time="6.546"/>
  <testcase classname="testcases.TermConditionTestCases" name="disputeResolutionTittleVerify" time="5.616"/>
  <testcase classname="testcases.TermConditionTestCases" name="electronicCommunicationsTittleVerify" time="4.966"/>
  <testcase classname="testcases.TermConditionTestCases" name="governingLawTittleVerify" time="4.856"/>
  <testcase classname="testcases.TermConditionTestCases" name="indeminificationTittleVerify" time="4.635"/>
  <testcase classname="testcases.TermConditionTestCases" name="limitationofLiabilityTittleVerify" time="5.091"/>
  <testcase classname="testcases.TermConditionTestCases" name="intellectualPropertyTittleVerify" time="7.56"/>
  <testcase classname="testcases.TermConditionTestCases" name="miscellaneousTittleVerify" time="5.163"/>
  <testcase classname="testcases.TermConditionTestCases" name="modificationsInteruptionsTittleVerify" time="5.048"/>
  <testcase classname="testcases.TermConditionTestCases" name="privacyPolicyTittleVerify" time="5.647"/>
  <testcase classname="testcases.TermConditionTestCases" name="prohibitedActivitiesTittleVerify" time="4.934"/>
  <testcase classname="testcases.TermConditionTestCases" name="siteManangementTittleVerify" time="5.731"/>
  <testcase classname="testcases.TermConditionTestCases" name="submissionTittleVerify" time="5.114"/>
  <testcase classname="testcases.TermConditionTestCases" name="termTerminationTittleVerify" time="4.43"/>
  <testcase classname="testcases.TermConditionTestCases" name="topButtonTest" time="6.627"/>
  <testcase classname="testcases.TermConditionTestCases" name="userDataTittleVerify" time="5.203"/>
  <testcase classname="testcases.TermConditionTestCases" name="userRegistrationTittleVerify" time="5.423"/>
  <testcase classname="testcases.TermConditionTestCases" name="userGeneratedTittleVerify" time="8.639"/>
  <testcase classname="testcases.BlogPageTestCase" name="blogPageURLVerify" time="2.401"/>
  <testcase classname="testcases.TermConditionTestCases" name="userRepresentationsTittleVerify" time="6.152"/>
  <testcase classname="testcases.BlogPageTestCase" name="vlog10TittleUrlVerify" time="11.921"/>
  <testcase classname="testcases.BlogPageTestCase" name="vlog11TittleUrlVerify" time="14.395"/>
  <testcase classname="testcases.BlogPageTestCase" name="vlog1TittleUrlVerify" time="9.283"/>
  <testcase classname="testcases.BlogPageTestCase" name="vlog2TittleUrlVerify" time="9.022"/>
  <testcase classname="testcases.BlogPageTestCase" name="vlog3TittleUrlVerify" time="9.909"/>
  <testcase classname="testcases.BlogPageTestCase" name="vlog4TittleUrlVerify" time="9.733"/>
  <testcase classname="testcases.BlogPageTestCase" name="vlog5TittleUrlVerify" time="11.622"/>
  <testcase classname="testcases.BlogPageTestCase" name="vlog6TittleUrlVerify" time="12.275"/>
  <testcase classname="testcases.BlogPageTestCase" name="vlog8TittleUrlVerify" time="12.328"/>
  <testcase classname="testcases.BlogPageTestCase" name="vlog9TittleUrlVerify" time="11.7"/>
  <testcase classname="testcases.PrivacyPoliceTestCases" name="GPDRTittleVerify" time="2.499"/>
  <testcase classname="testcases.PrivacyPoliceTestCases" name="advertisingPartnerTittleVerify" time="2.248"/>
  <testcase classname="testcases.PrivacyPoliceTestCases" name="ccpaPrivacyTittleVerify" time="2.562"/>
  <testcase classname="testcases.PrivacyPoliceTestCases" name="contentbodytextVerify" time="2.744"/>
  <testcase classname="testcases.PrivacyPoliceTestCases" name="contenttittletextVerify" time="2.753"/>
  <testcase classname="testcases.BlogPageTestCase" name="vlog7TittleUrlVerify" time="57.987"/>
  <testcase classname="testcases.PrivacyPoliceTestCases" name="informationTittleVerify" time="2.663"/>
  <testcase classname="testcases.PrivacyPoliceTestCases" name="logFilesBodyVerify" time="3.365"/>
  <testcase classname="testcases.PrivacyPoliceTestCases" name="logFilesTittleVerify" time="2.402"/>
  <testcase classname="testcases.PrivacyPoliceTestCases" name="overviewBodyTextPart1Verify" time="3.433"/>
  <testcase classname="testcases.PrivacyPoliceTestCases" name="overviewBodyTextPart2Verify" time="2.509"/>
  <testcase classname="testcases.PrivacyPoliceTestCases" name="overviewBodyTextPart3Verify" time="3.245"/>
  <testcase classname="testcases.PrivacyPoliceTestCases" name="thirthPartyTittleVerify" time="3.124"/>
  <testcase classname="testcases.PrivacyPoliceTestCases" name="topButtonVerify" time="4.554"/>
  <testcase classname="testcases.PrivacyPoliceTestCases" name="useYourinformationTittleVerify" time="2.365"/>
  <testcase classname="testcases.PrivacyPoliceTestCases" name="urlVerifyFromHomePage" time="11.814"/>
  <testcase classname="testcases.LoginTestCases" name="loginButtonTestFromNav" time="4.472"/>
  <testcase classname="testcases.LoginTestCases" name="loginPageBackButtonTestFromEmailPage" time="5.407"/>
  <testcase classname="testcases.LoginTestCases" name="loginPageBackButtonTestFromPasswordPage" time="10.477"/>
  <testcase classname="testcases.LoginTestCases" name="loginFromCartPageUrlVerify" time="20.978"/>
  <testcase classname="testcases.LoginTestCases" name="loginPageCreateAccountButtonTest" time="7.142"/>
  <testcase classname="testcases.LoginTestCases" name="loginPageCreateAccountButtonTestFromPasswordField" time="7.766"/>
  <testcase classname="testcases.LoginTestCases" name="loginPageForgetPasswordButtonTest" time="8.625"/>
  <testcase classname="testcases.LoginTestCases" name="loginPagePreviousBackButtonTestFromPasswordPage" time="8.991"/>
  <testcase classname="testcases.LoginTestCases" name="loginPageSignInButtonTest" time="4.22"/>
  <testcase classname="testcases.LoginTestCases" name="loginSccuessWithValidData" time="6.529"/>
  <testcase classname="testcases.LoginTestCases" name="loginUsingKeyboardEnterButton" time="8.263"/>
  <testcase classname="testcases.LoginTestCases" name="loginWithInvalidMailFormat" time="4.722"/>
  <testcase classname="testcases.LoginTestCases" name="loginWithWrongPassword" time="6.537"/>
  <testcase classname="testcases.FaqPageTestCases" name="faqPageBackButtonTest" time="8.112"/>
  <testcase classname="testcases.FaqPageTestCases" name="faqPageQuest1QuestAnswerVerify" time="5.102"/>
  <testcase classname="testcases.FaqPageTestCases" name="faqPageQuest10QuestAnswerVerify" time="14.834"/>
  <testcase classname="testcases.FaqPageTestCases" name="faqPageQuest2QuestAnswerVerify" time="13.526"/>
  <testcase classname="testcases.FaqPageTestCases" name="faqPageQuest3QuestAnswerVerify" time="11.767"/>
  <testcase classname="testcases.FaqPageTestCases" name="faqPageQuest4QuestAnswerVerify" time="10.833"/>
  <testcase classname="testcases.FaqPageTestCases" name="faqPageQuest5QuestAnswerVerify" time="12.216"/>
  <testcase classname="testcases.FaqPageTestCases" name="faqPageQuest6QuestAnswerVerify" time="11.174"/>
  <testcase classname="testcases.FaqPageTestCases" name="faqPageQuest7QuestAnswerVerify" time="16.4"/>
  <testcase classname="testcases.FaqPageTestCases" name="faqPageQuest8QuestAnswerVerify" time="16.598"/>
  <testcase classname="testcases.FaqPageTestCases" name="faqPageUrlVerify" time="2.814"/>
  <testcase classname="testcases.FaqPageTestCases" name="faqPageQuest9QuestAnswerVerify" time="15.366"/>
  <testcase classname="testcases.DashboardProfilePageTestCases" name="dashboardURLVerify" time="4.719"/>
  <testcase classname="testcases.DashboardProfilePageTestCases" name="personalInfoDesignationandMaillingAddressVerify" time="9.208"/>
  <testcase classname="testcases.DashboardProfilePageTestCases" name="personalInfoMaillingAdressnEditButtonVerify" time="8.962"/>
  <testcase classname="testcases.DashboardProfilePageTestCases" name="personalInfoDesignationEditButtonVerify" time="26.221">
    <failure type="org.openqa.selenium.NoSuchElementException" message="no such element: Unable to locate element: {&amp;quot;method&amp;quot;:&amp;quot;xpath&amp;quot;,&amp;quot;selector&amp;quot;:&amp;quot;//body/div[@id=&amp;apos;app&amp;apos;]/div[1]/div[3]/div[2]/div[1]/div[1]/div[1]/div[1]/div[2]/div[2]/button[1]&amp;quot;}
  (Session info: chrome=114.0.5735.199)
For documentation on this error, please visit: https://selenium.dev/exceptions/#no_such_element
Build info: version: &amp;apos;4.9.0&amp;apos;, revision: &amp;apos;d7057100a6&amp;apos;
System info: os.name: &amp;apos;Windows 10&amp;apos;, os.arch: &amp;apos;amd64&amp;apos;, os.version: &amp;apos;10.0&amp;apos;, java.version: &amp;apos;14.0.2&amp;apos;
Driver info: org.openqa.selenium.chrome.ChromeDriver
Command: [b5b114308b47cfa9e0e9384c4fb88a4b, findElement {using=xpath, value=//body/div[@id=&amp;apos;app&amp;apos;]/div[1]/div[3]/div[2]/div[1]/div[1]/div[1]/div[1]/div[2]/div[2]/button[1]}]
Capabilities {acceptInsecureCerts: false, browserName: chrome, browserVersion: 114.0.5735.199, chrome: {chromedriverVersion: 114.0.5735.90 (386bc09e8f4f..., userDataDir: C:\Users\APURBO~1\AppData\L...}, goog:chromeOptions: {debuggerAddress: localhost:61091}, networkConnectionEnabled: false, pageLoadStrategy: normal, platformName: WINDOWS, proxy: Proxy(), se:cdp: ws://localhost:61091/devtoo..., se:cdpVersion: 114.0.5735.199, setWindowRect: true, strictFileInteractability: false, timeouts: {implicit: 0, pageLoad: 300000, script: 30000}, unhandledPromptBehavior: dismiss and notify, webauthn:extension:credBlob: true, webauthn:extension:largeBlob: true, webauthn:extension:minPinLength: true, webauthn:extension:prf: true, webauthn:virtualAuthenticators: true}
Session ID: b5b114308b47cfa9e0e9384c4fb88a4b">
      <![CDATA[org.openqa.selenium.NoSuchElementException: no such element: Unable to locate element: {"method":"xpath","selector":"//body/div[@id='app']/div[1]/div[3]/div[2]/div[1]/div[1]/div[1]/div[1]/div[2]/div[2]/button[1]"}
  (Session info: chrome=114.0.5735.199)
For documentation on this error, please visit: https://selenium.dev/exceptions/#no_such_element
Build info: version: '4.9.0', revision: 'd7057100a6'
System info: os.name: 'Windows 10', os.arch: 'amd64', os.version: '10.0', java.version: '14.0.2'
Driver info: org.openqa.selenium.chrome.ChromeDriver
Command: [b5b114308b47cfa9e0e9384c4fb88a4b, findElement {using=xpath, value=//body/div[@id='app']/div[1]/div[3]/div[2]/div[1]/div[1]/div[1]/div[1]/div[2]/div[2]/button[1]}]
Capabilities {acceptInsecureCerts: false, browserName: chrome, browserVersion: 114.0.5735.199, chrome: {chromedriverVersion: 114.0.5735.90 (386bc09e8f4f..., userDataDir: C:\Users\APURBO~1\AppData\L...}, goog:chromeOptions: {debuggerAddress: localhost:61091}, networkConnectionEnabled: false, pageLoadStrategy: normal, platformName: WINDOWS, proxy: Proxy(), se:cdp: ws://localhost:61091/devtoo..., se:cdpVersion: 114.0.5735.199, setWindowRect: true, strictFileInteractability: false, timeouts: {implicit: 0, pageLoad: 300000, script: 30000}, unhandledPromptBehavior: dismiss and notify, webauthn:extension:credBlob: true, webauthn:extension:largeBlob: true, webauthn:extension:minPinLength: true, webauthn:extension:prf: true, webauthn:virtualAuthenticators: true}
Session ID: b5b114308b47cfa9e0e9384c4fb88a4b
at org.openqa.selenium.remote.codec.w3c.W3CHttpResponseCodec.createException(W3CHttpResponseCodec.java:200)
at org.openqa.selenium.remote.codec.w3c.W3CHttpResponseCodec.decode(W3CHttpResponseCodec.java:133)
at org.openqa.selenium.remote.codec.w3c.W3CHttpResponseCodec.decode(W3CHttpResponseCodec.java:53)
at org.openqa.selenium.remote.HttpCommandExecutor.execute(HttpCommandExecutor.java:193)
at org.openqa.selenium.remote.service.DriverCommandExecutor.invokeExecute(DriverCommandExecutor.java:183)
at org.openqa.selenium.remote.service.DriverCommandExecutor.execute(DriverCommandExecutor.java:158)
at org.openqa.selenium.remote.RemoteWebDriver.execute(RemoteWebDriver.java:543)
at org.openqa.selenium.remote.ElementLocation$ElementFinder$2.findElement(ElementLocation.java:162)
at org.openqa.selenium.remote.ElementLocation.findElement(ElementLocation.java:60)
at org.openqa.selenium.remote.RemoteWebDriver.findElement(RemoteWebDriver.java:352)
at org.openqa.selenium.remote.RemoteWebDriver.findElement(RemoteWebDriver.java:344)
at pages.BasePage.findElement(BasePage.java:37)
at testcases.DashboardProfilePageTestCases.personalInfoDesignationEditButtonVerify(DashboardProfilePageTestCases.java:118)
at java.base/java.util.concurrent.ThreadPoolExecutor.runWorker(ThreadPoolExecutor.java:1130)
at java.base/java.util.concurrent.ThreadPoolExecutor$Worker.run(ThreadPoolExecutor.java:630)
at java.base/java.lang.Thread.run(Thread.java:832)
... Removed 17 stack frames]]>
    </failure>
  </testcase> <!-- personalInfoDesignationEditButtonVerify -->
  <testcase classname="testcases.DashboardProfilePageTestCases" name="personalInfoMultiMailandNumbertest" time="12.58"/>
  <testcase classname="testcases.DashboardProfilePageTestCases" name="personalInfoValidationTest" time="12.817"/>
  <testcase classname="testcases.DashboardProfilePageTestCases" name="personalInfodesignationandmailingaddressAdd" time="13.499"/>
  <testcase classname="testcases.DashboardProfilePageTestCases" name="personalSummaryEditButton" time="5.546"/>
  <testcase classname="testcases.DashboardProfilePageTestCases" name="personalSummaryAddFromSegguestion" time="26.4"/>
  <testcase classname="testcases.DashboardProfilePageTestCases" name="personalSummarySegguestion" time="15.854"/>
  <testcase classname="testcases.DashboardProfilePageTestCases" name="personalSummarymanualDataInputandVerify" time="13.359"/>
  <testcase classname="testcases.DashboardProfilePageTestCases" name="personalSummrySuggestionClosebuttonVerify" time="10.245"/>
  <testcase classname="testcases.DashboardProfilePageTestCases" name="profilePictureCloseButtonTest" time="14.729"/>
  <testcase classname="testcases.DashboardProfilePageTestCases" name="uploadProfileImage" time="11.304"/>
  <testcase classname="testcases.RegisterTestCases" name="registerInvalidDataVerify" time="7.24"/>
  <testcase classname="testcases.RegisterTestCases" name="registerFromCartPage" time="16.632">
    <failure type="org.openqa.selenium.NoSuchElementException" message="no such element: Unable to locate element: {&amp;quot;method&amp;quot;:&amp;quot;xpath&amp;quot;,&amp;quot;selector&amp;quot;:&amp;quot;//button[contains(text(),&amp;apos;Create account with password&amp;apos;)]&amp;quot;}
  (Session info: chrome=114.0.5735.199)
For documentation on this error, please visit: https://selenium.dev/exceptions/#no_such_element
Build info: version: &amp;apos;4.9.0&amp;apos;, revision: &amp;apos;d7057100a6&amp;apos;
System info: os.name: &amp;apos;Windows 10&amp;apos;, os.arch: &amp;apos;amd64&amp;apos;, os.version: &amp;apos;10.0&amp;apos;, java.version: &amp;apos;14.0.2&amp;apos;
Driver info: org.openqa.selenium.chrome.ChromeDriver
Command: [26fc63baf25acd5c4f7272d74693f816, findElement {using=xpath, value=//button[contains(text(),&amp;apos;Create account with password&amp;apos;)]}]
Capabilities {acceptInsecureCerts: false, browserName: chrome, browserVersion: 114.0.5735.199, chrome: {chromedriverVersion: 114.0.5735.90 (386bc09e8f4f..., userDataDir: C:\Users\APURBO~1\AppData\L...}, goog:chromeOptions: {debuggerAddress: localhost:61559}, networkConnectionEnabled: false, pageLoadStrategy: normal, platformName: WINDOWS, proxy: Proxy(), se:cdp: ws://localhost:61559/devtoo..., se:cdpVersion: 114.0.5735.199, setWindowRect: true, strictFileInteractability: false, timeouts: {implicit: 0, pageLoad: 300000, script: 30000}, unhandledPromptBehavior: dismiss and notify, webauthn:extension:credBlob: true, webauthn:extension:largeBlob: true, webauthn:extension:minPinLength: true, webauthn:extension:prf: true, webauthn:virtualAuthenticators: true}
Session ID: 26fc63baf25acd5c4f7272d74693f816">
      <![CDATA[org.openqa.selenium.NoSuchElementException: no such element: Unable to locate element: {"method":"xpath","selector":"//button[contains(text(),'Create account with password')]"}
  (Session info: chrome=114.0.5735.199)
For documentation on this error, please visit: https://selenium.dev/exceptions/#no_such_element
Build info: version: '4.9.0', revision: 'd7057100a6'
System info: os.name: 'Windows 10', os.arch: 'amd64', os.version: '10.0', java.version: '14.0.2'
Driver info: org.openqa.selenium.chrome.ChromeDriver
Command: [26fc63baf25acd5c4f7272d74693f816, findElement {using=xpath, value=//button[contains(text(),'Create account with password')]}]
Capabilities {acceptInsecureCerts: false, browserName: chrome, browserVersion: 114.0.5735.199, chrome: {chromedriverVersion: 114.0.5735.90 (386bc09e8f4f..., userDataDir: C:\Users\APURBO~1\AppData\L...}, goog:chromeOptions: {debuggerAddress: localhost:61559}, networkConnectionEnabled: false, pageLoadStrategy: normal, platformName: WINDOWS, proxy: Proxy(), se:cdp: ws://localhost:61559/devtoo..., se:cdpVersion: 114.0.5735.199, setWindowRect: true, strictFileInteractability: false, timeouts: {implicit: 0, pageLoad: 300000, script: 30000}, unhandledPromptBehavior: dismiss and notify, webauthn:extension:credBlob: true, webauthn:extension:largeBlob: true, webauthn:extension:minPinLength: true, webauthn:extension:prf: true, webauthn:virtualAuthenticators: true}
Session ID: 26fc63baf25acd5c4f7272d74693f816
at org.openqa.selenium.remote.codec.w3c.W3CHttpResponseCodec.createException(W3CHttpResponseCodec.java:200)
at org.openqa.selenium.remote.codec.w3c.W3CHttpResponseCodec.decode(W3CHttpResponseCodec.java:133)
at org.openqa.selenium.remote.codec.w3c.W3CHttpResponseCodec.decode(W3CHttpResponseCodec.java:53)
at org.openqa.selenium.remote.HttpCommandExecutor.execute(HttpCommandExecutor.java:193)
at org.openqa.selenium.remote.service.DriverCommandExecutor.invokeExecute(DriverCommandExecutor.java:183)
at org.openqa.selenium.remote.service.DriverCommandExecutor.execute(DriverCommandExecutor.java:158)
at org.openqa.selenium.remote.RemoteWebDriver.execute(RemoteWebDriver.java:543)
at org.openqa.selenium.remote.ElementLocation$ElementFinder$2.findElement(ElementLocation.java:162)
at org.openqa.selenium.remote.ElementLocation.findElement(ElementLocation.java:60)
at org.openqa.selenium.remote.RemoteWebDriver.findElement(RemoteWebDriver.java:352)
at org.openqa.selenium.remote.RemoteWebDriver.findElement(RemoteWebDriver.java:344)
at pages.BasePage.findElement(BasePage.java:37)
at pages.RegisterPage.registerWithValidDataCreateNewUsers(RegisterPage.java:54)
at testcases.RegisterTestCases.registerFromCartPage(RegisterTestCases.java:158)
at java.base/java.util.concurrent.ThreadPoolExecutor.runWorker(ThreadPoolExecutor.java:1130)
at java.base/java.util.concurrent.ThreadPoolExecutor$Worker.run(ThreadPoolExecutor.java:630)
at java.base/java.lang.Thread.run(Thread.java:832)
... Removed 17 stack frames]]>
    </failure>
  </testcase> <!-- registerFromCartPage -->
  <testcase classname="testcases.RegisterTestCases" name="registerPageBacktoHomeButtonTest" time="8.322"/>
  <testcase classname="testcases.RegisterTestCases" name="registerPageSigninButtonTest" time="7.444"/>
  <testcase classname="testcases.RegisterTestCases" name="registerPageTermsandConditionLinkcheck" time="11.949"/>
  <testcase classname="testcases.RegisterTestCases" name="registerPageTermsandConditionSelectDeselect" time="9.452"/>
  <testcase classname="testcases.RegisterTestCases" name="registerPageValidationtextsVerify" time="10.799"/>
  <testcase classname="testcases.RegisterTestCases" name="registerWithExistingUserMail" time="13.788"/>
  <testcase classname="testcases.RegisterTestCases" name="registerWithInvalidEmailFormat" time="5.182"/>
  <testcase classname="testcases.TemplatesTestCases" name="filterByElement" time="9.05"/>
  <testcase classname="testcases.RegisterTestCases" name="registerWithValidData" time="11.69">
    <failure type="org.openqa.selenium.NoSuchElementException" message="no such element: Unable to locate element: {&amp;quot;method&amp;quot;:&amp;quot;xpath&amp;quot;,&amp;quot;selector&amp;quot;:&amp;quot;//button[contains(text(),&amp;apos;Create account with password&amp;apos;)]&amp;quot;}
  (Session info: chrome=114.0.5735.199)
For documentation on this error, please visit: https://selenium.dev/exceptions/#no_such_element
Build info: version: &amp;apos;4.9.0&amp;apos;, revision: &amp;apos;d7057100a6&amp;apos;
System info: os.name: &amp;apos;Windows 10&amp;apos;, os.arch: &amp;apos;amd64&amp;apos;, os.version: &amp;apos;10.0&amp;apos;, java.version: &amp;apos;14.0.2&amp;apos;
Driver info: org.openqa.selenium.chrome.ChromeDriver
Command: [5c5601eade46171a8951d23a0e1f1afa, findElement {using=xpath, value=//button[contains(text(),&amp;apos;Create account with password&amp;apos;)]}]
Capabilities {acceptInsecureCerts: false, browserName: chrome, browserVersion: 114.0.5735.199, chrome: {chromedriverVersion: 114.0.5735.90 (386bc09e8f4f..., userDataDir: C:\Users\APURBO~1\AppData\L...}, goog:chromeOptions: {debuggerAddress: localhost:61860}, networkConnectionEnabled: false, pageLoadStrategy: normal, platformName: WINDOWS, proxy: Proxy(), se:cdp: ws://localhost:61860/devtoo..., se:cdpVersion: 114.0.5735.199, setWindowRect: true, strictFileInteractability: false, timeouts: {implicit: 0, pageLoad: 300000, script: 30000}, unhandledPromptBehavior: dismiss and notify, webauthn:extension:credBlob: true, webauthn:extension:largeBlob: true, webauthn:extension:minPinLength: true, webauthn:extension:prf: true, webauthn:virtualAuthenticators: true}
Session ID: 5c5601eade46171a8951d23a0e1f1afa">
      <![CDATA[org.openqa.selenium.NoSuchElementException: no such element: Unable to locate element: {"method":"xpath","selector":"//button[contains(text(),'Create account with password')]"}
  (Session info: chrome=114.0.5735.199)
For documentation on this error, please visit: https://selenium.dev/exceptions/#no_such_element
Build info: version: '4.9.0', revision: 'd7057100a6'
System info: os.name: 'Windows 10', os.arch: 'amd64', os.version: '10.0', java.version: '14.0.2'
Driver info: org.openqa.selenium.chrome.ChromeDriver
Command: [5c5601eade46171a8951d23a0e1f1afa, findElement {using=xpath, value=//button[contains(text(),'Create account with password')]}]
Capabilities {acceptInsecureCerts: false, browserName: chrome, browserVersion: 114.0.5735.199, chrome: {chromedriverVersion: 114.0.5735.90 (386bc09e8f4f..., userDataDir: C:\Users\APURBO~1\AppData\L...}, goog:chromeOptions: {debuggerAddress: localhost:61860}, networkConnectionEnabled: false, pageLoadStrategy: normal, platformName: WINDOWS, proxy: Proxy(), se:cdp: ws://localhost:61860/devtoo..., se:cdpVersion: 114.0.5735.199, setWindowRect: true, strictFileInteractability: false, timeouts: {implicit: 0, pageLoad: 300000, script: 30000}, unhandledPromptBehavior: dismiss and notify, webauthn:extension:credBlob: true, webauthn:extension:largeBlob: true, webauthn:extension:minPinLength: true, webauthn:extension:prf: true, webauthn:virtualAuthenticators: true}
Session ID: 5c5601eade46171a8951d23a0e1f1afa
at org.openqa.selenium.remote.codec.w3c.W3CHttpResponseCodec.createException(W3CHttpResponseCodec.java:200)
at org.openqa.selenium.remote.codec.w3c.W3CHttpResponseCodec.decode(W3CHttpResponseCodec.java:133)
at org.openqa.selenium.remote.codec.w3c.W3CHttpResponseCodec.decode(W3CHttpResponseCodec.java:53)
at org.openqa.selenium.remote.HttpCommandExecutor.execute(HttpCommandExecutor.java:193)
at org.openqa.selenium.remote.service.DriverCommandExecutor.invokeExecute(DriverCommandExecutor.java:183)
at org.openqa.selenium.remote.service.DriverCommandExecutor.execute(DriverCommandExecutor.java:158)
at org.openqa.selenium.remote.RemoteWebDriver.execute(RemoteWebDriver.java:543)
at org.openqa.selenium.remote.ElementLocation$ElementFinder$2.findElement(ElementLocation.java:162)
at org.openqa.selenium.remote.ElementLocation.findElement(ElementLocation.java:60)
at org.openqa.selenium.remote.RemoteWebDriver.findElement(RemoteWebDriver.java:352)
at org.openqa.selenium.remote.RemoteWebDriver.findElement(RemoteWebDriver.java:344)
at pages.BasePage.findElement(BasePage.java:37)
at pages.RegisterPage.registerWithValidDataCreateNewUsers(RegisterPage.java:54)
at testcases.RegisterTestCases.registerWithValidData(RegisterTestCases.java:22)
at java.base/java.util.concurrent.ThreadPoolExecutor.runWorker(ThreadPoolExecutor.java:1130)
at java.base/java.util.concurrent.ThreadPoolExecutor$Worker.run(ThreadPoolExecutor.java:630)
at java.base/java.lang.Thread.run(Thread.java:832)
... Removed 17 stack frames]]>
    </failure>
  </testcase> <!-- registerWithValidData -->
  <testcase classname="testcases.TemplatesTestCases" name="filterByElementDeselect" time="10.415"/>
  <testcase classname="testcases.TemplatesTestCases" name="filterLeftButtonTest" time="10.725"/>
  <testcase classname="testcases.TemplatesTestCases" name="filterRightButtonTest" time="8.65"/>
  <testcase classname="testcases.TemplatesTestCases" name="filterScrollLastElement" time="12.994"/>
  <testcase classname="testcases.TemplatesTestCases" name="searchByLargeName" time="14.303"/>
  <testcase classname="testcases.TemplatesTestCases" name="searchUsingWhiteSpace" time="13.063"/>
  <testcase classname="testcases.TemplatesTestCases" name="searchValidName" time="5.514"/>
  <testcase classname="testcases.TemplatesTestCases" name="searchValidNameSelect" time="10.451"/>
  <testcase classname="testcases.TemplatesTestCases" name="templatePageScroll" time="9.378"/>
</testsuite> <!-- Test -->
