<?xml version="1.0" encoding="UTF-8"?>
<!-- Generated by org.testng.reporters.JUnitXMLReporter -->
<testsuite ignored="0" hostname="DESKTOP-ORMUMH8" failures="2" tests="111" name="Test" time="813.429" errors="0" timestamp="2023-05-22T10:45:45 BDT">
  <testcase classname="testcases.LandingTestCases" name="allBlogsButtonTest" time="11.334"/>
  <testcase classname="testcases.LandingTestCases" name="blogsHoverSsTest" time="10.629"/>
  <testcase classname="testcases.LandingTestCases" name="blogsTittleVerify" time="13.18"/>
  <testcase classname="testcases.LandingTestCases" name="dashBoardButtonTesting" time="13.633"/>
  <testcase classname="testcases.LandingTestCases" name="faqSeeMoreButtonTest" time="14.346"/>
  <testcase classname="testcases.LandingTestCases" name="footerAboutUsButtonTest" time="16.679"/>
  <testcase classname="testcases.LandingTestCases" name="footerAddressVerify" time="6.127"/>
  <testcase classname="testcases.LandingTestCases" name="footerBlogsButtonTest" time="9.861"/>
  <testcase classname="testcases.LandingTestCases" name="footerAllTemplateButtonTest" time="17.303"/>
  <testcase classname="testcases.LandingTestCases" name="footerCreateResumeButtonTest" time="9.636"/>
  <testcase classname="testcases.LandingTestCases" name="footerCreateAccountButtonTest" time="17.991"/>
  <testcase classname="testcases.LandingTestCases" name="footerLoginButtonTest" time="11.118"/>
  <testcase classname="testcases.LandingTestCases" name="footerFAQButtonTest" time="16.816"/>
  <testcase classname="testcases.LandingTestCases" name="footerMailVerify" time="7.289"/>
  <testcase classname="testcases.LandingTestCases" name="footerNewsLetterSubcriptionExistingUser" time="9.248"/>
  <testcase classname="testcases.LandingTestCases" name="footerNewsLetterSubcriptionButtonVerify" time="24.548"/>
  <testcase classname="testcases.LandingTestCases" name="footerNewsLetterSubcriptionInvalidMail" time="14.849"/>
  <testcase classname="testcases.LandingTestCases" name="footerNewsLetterSubcriptionValidInput" time="15.456"/>
  <testcase classname="testcases.LandingTestCases" name="footerNewsLetterTextVerify" time="7.461"/>
  <testcase classname="testcases.LandingTestCases" name="footerPhoneVerify" time="14.981"/>
  <testcase classname="testcases.LandingTestCases" name="footerPrivacyPolicyButtonTest" time="15.653"/>
  <testcase classname="testcases.LandingTestCases" name="footerTittleVerify" time="12.714"/>
  <testcase classname="testcases.LandingTestCases" name="footerTermsConditionButtonTest" time="17.177"/>
  <testcase classname="testcases.LandingTestCases" name="landingPageContentSuggestionBodyVerify" time="12.732"/>
  <testcase classname="testcases.LandingTestCases" name="landingPageContentSuggestionTittleVerify" time="11.555"/>
  <testcase classname="testcases.LandingTestCases" name="landingPageExploreAllTemplateButtonTest" time="14.803"/>
  <testcase classname="testcases.LandingTestCases" name="landingPageFAQFirstQuestionAnswerVerify" time="15.022"/>
  <testcase classname="testcases.LandingTestCases" name="landingPageFAQFirstQuestionTittleVerify" time="13.487"/>
  <testcase classname="testcases.LandingTestCases" name="landingPageFAQFiveQuestionAnswerVerify" time="20.012"/>
  <testcase classname="testcases.LandingTestCases" name="landingPageFAQFiveQuestionTittleVerify" time="13.589"/>
  <testcase classname="testcases.LandingTestCases" name="landingPageFAQFourQuestionAnswerVerify" time="20.819"/>
  <testcase classname="testcases.LandingTestCases" name="landingPageFAQFourQuestionTittleVerify" time="14.736"/>
  <testcase classname="testcases.LandingTestCases" name="landingPageFAQSecondQuestionAnswerVerify" time="14.813"/>
  <testcase classname="testcases.LandingTestCases" name="landingPageFAQSecondQuestionTittleVerify" time="13.747"/>
  <testcase classname="testcases.LandingTestCases" name="landingPageFAQThirdQuestionTittleVerify" time="7.072"/>
  <testcase classname="testcases.LandingTestCases" name="landingPageFAQThirdQuestionAnswerVerify" time="13.758"/>
  <testcase classname="testcases.LandingTestCases" name="landingPageFAQTittleVerify" time="13.776"/>
  <testcase classname="testcases.LandingTestCases" name="landingPageFAQVerify" time="14.732"/>
  <testcase classname="testcases.LandingTestCases" name="landingPageHiringManagerTittleVerify" time="12.665"/>
  <testcase classname="testcases.LandingTestCases" name="landingPageNavAboutUsButtonTest" time="11.765"/>
  <testcase classname="testcases.LandingTestCases" name="landingPageNavHomeButtonTest" time="4.365"/>
  <testcase classname="testcases.LandingTestCases" name="landingPageNavCartButtonTest" time="11.744"/>
  <testcase classname="testcases.LandingTestCases" name="landingPageNavLoginButtonTest" time="6.403"/>
  <testcase classname="testcases.LandingTestCases" name="landingPageNavLogoButtonTest" time="6.188"/>
  <testcase classname="testcases.LandingTestCases" name="landingPageRecruiterPreferBodyVerify" time="6.467"/>
  <testcase classname="testcases.LandingTestCases" name="landingPageNavTemplateButtonTest" time="13.09"/>
  <testcase classname="testcases.LandingTestCases" name="landingPageRecruiterPreferCareerSummaryVerify" time="9.61"/>
  <testcase classname="testcases.LandingTestCases" name="landingPageRecruiterPreferCvStructureVerify" time="8.58"/>
  <testcase classname="testcases.LandingTestCases" name="landingPageRecruiterPreferCvTemplateVerify" time="7.968"/>
  <testcase classname="testcases.LandingTestCases" name="landingPageRecruiterPreferSkillSetVerify" time="8.221"/>
  <testcase classname="testcases.LandingTestCases" name="landingPageRecruiterPreferProfessionalCertificatesVerify" time="15.317"/>
  <testcase classname="testcases.LandingTestCases" name="landingPageRecruiterPreferTittleVerify" time="13.469"/>
  <testcase classname="testcases.LandingTestCases" name="landingPageSeeAllTemplateButtonTest" time="14.605"/>
  <testcase classname="testcases.LandingTestCases" name="landingPageSimpleCvAddinfoTextVerify" time="14.974"/>
  <testcase classname="testcases.LandingTestCases" name="landingPageSimpleCvBodyTextVerify" time="13.105"/>
  <testcase classname="testcases.LandingTestCases" name="landingPageSimpleCvSelectTemplateTextVerify" time="5.698"/>
  <testcase classname="testcases.LandingTestCases" name="landingPageSimpleCvDownloadCvTextVerify" time="13.705"/>
  <testcase classname="testcases.LandingTestCases" name="landingPageSimpleCvTittleTextVerify" time="6.965"/>
  <testcase classname="testcases.LandingTestCases" name="landingPageTemplateSelect" time="9.426"/>
  <testcase classname="testcases.LandingTestCases" name="landingPageTemplateCvTittleVerify" time="12.899"/>
  <testcase classname="testcases.LandingTestCases" name="landingPageTittleSentence" time="5.804"/>
  <testcase classname="testcases.LandingTestCases" name="landingPageTopButtonTest" time="13.992"/>
  <testcase classname="testcases.LandingTestCases" name="loginUserCreateFreeCvButtonFromMiddlePageTest" time="14.23"/>
  <testcase classname="testcases.LandingTestCases" name="loginUserCreateFreeCvButtonTest" time="13.763"/>
  <testcase classname="testcases.LandingTestCases" name="logoutButtonTesting" time="21.833"/>
  <testcase classname="testcases.LandingTestCases" name="logoutCreateButtonTest" time="15.548"/>
  <testcase classname="testcases.LandingTestCases" name="logoutUserTopCreateFreeCv" time="12.688"/>
  <testcase classname="testcases.LandingTestCases" name="selectOneBlogDetails" time="10.005"/>
  <testcase classname="testcases.AboutTestCases" name="aboutUsEasyToCreateResumeBody1Verify" time="5.885"/>
  <testcase classname="testcases.AboutTestCases" name="aboutUsEasyToCreateResumeBody2Verify" time="8.542"/>
  <testcase classname="testcases.AboutTestCases" name="aboutUsEasyToCreateResumeTittleVerify" time="4.66"/>
  <testcase classname="testcases.AboutTestCases" name="aboutUsSecondParaVerify" time="4.478"/>
  <testcase classname="testcases.AboutTestCases" name="aboutUsFirstParaVerify" time="7.549"/>
  <testcase classname="testcases.AboutTestCases" name="aboutUsUniqueFeatureBodyVerify" time="10.17"/>
  <testcase classname="testcases.AboutTestCases" name="aboutUsUniqueFeatureTittleVerify" time="10.315"/>
  <testcase classname="testcases.AboutTestCases" name="aboutUsWhyChooseSiteBodyVerify" time="8.582"/>
  <testcase classname="testcases.AboutTestCases" name="aboutUsWhyChooseSiteTittleVerify" time="11.964"/>
  <testcase classname="testcases.AboutTestCases" name="headerTittleVerify" time="9.501"/>
  <testcase classname="testcases.LoginTestCases" name="loginButtonTestFromNav" time="5.607"/>
  <testcase classname="testcases.LoginTestCases" name="loginPageBackButtonTestFromEmailPage" time="8.365"/>
  <testcase classname="testcases.LoginTestCases" name="loginFromCartPageUrlVerify" time="19.802"/>
  <testcase classname="testcases.LoginTestCases" name="loginPageBackButtonTestFromPasswordPage" time="16.464"/>
  <testcase classname="testcases.LoginTestCases" name="loginPageCreateAccountButtonTest" time="14.193"/>
  <testcase classname="testcases.LoginTestCases" name="loginPageCreateAccountButtonTestFromPasswordField" time="10.183"/>
  <testcase classname="testcases.LoginTestCases" name="loginPagePreviousBackButtonTestFromPasswordPage" time="8.61"/>
  <testcase classname="testcases.LoginTestCases" name="loginPageForgetPasswordButtonTest" time="16.178"/>
  <testcase classname="testcases.LoginTestCases" name="loginPageSignInButtonTest" time="5.512"/>
  <testcase classname="testcases.LoginTestCases" name="loginSccuessWithValidData" time="14.023"/>
  <testcase classname="testcases.LoginTestCases" name="loginUsingKeyboardEnterButton" time="15.496"/>
  <testcase classname="testcases.LoginTestCases" name="loginWithInvalidMailFormat" time="5.74"/>
  <testcase classname="testcases.LoginTestCases" name="loginWithWrongPassword" time="7.418"/>
  <testcase classname="testcases.RegisterTestCases" name="registerInvalidDataVerify" time="7.433"/>
  <testcase classname="testcases.RegisterTestCases" name="registerFromCartPage" time="24.851">
    <failure type="org.openqa.selenium.NoSuchElementException" message="no such element: Unable to locate element: {&amp;quot;method&amp;quot;:&amp;quot;xpath&amp;quot;,&amp;quot;selector&amp;quot;:&amp;quot;//button[contains(text(),&amp;apos;Create account with password&amp;apos;)]&amp;quot;}
  (Session info: chrome=113.0.5672.127)
For documentation on this error, please visit: https://selenium.dev/exceptions/#no_such_element
Build info: version: &amp;apos;4.9.0&amp;apos;, revision: &amp;apos;d7057100a6&amp;apos;
System info: os.name: &amp;apos;Windows 10&amp;apos;, os.arch: &amp;apos;amd64&amp;apos;, os.version: &amp;apos;10.0&amp;apos;, java.version: &amp;apos;14.0.2&amp;apos;
Driver info: org.openqa.selenium.chrome.ChromeDriver
Command: [165ba2f7b050e262b95e27c9c691d139, findElement {using=xpath, value=//button[contains(text(),&amp;apos;Create account with password&amp;apos;)]}]
Capabilities {acceptInsecureCerts: false, browserName: chrome, browserVersion: 113.0.5672.127, chrome: {chromedriverVersion: 113.0.5672.63 (0e1a4471d5ae..., userDataDir: C:\Users\APURBO~1\AppData\L...}, goog:chromeOptions: {debuggerAddress: localhost:54476}, networkConnectionEnabled: false, pageLoadStrategy: normal, platformName: WINDOWS, proxy: Proxy(), se:cdp: ws://localhost:54476/devtoo..., se:cdpVersion: 113.0.5672.127, setWindowRect: true, strictFileInteractability: false, timeouts: {implicit: 0, pageLoad: 300000, script: 30000}, unhandledPromptBehavior: dismiss and notify, webauthn:extension:credBlob: true, webauthn:extension:largeBlob: true, webauthn:extension:minPinLength: true, webauthn:extension:prf: true, webauthn:virtualAuthenticators: true}
Session ID: 165ba2f7b050e262b95e27c9c691d139">
      <![CDATA[org.openqa.selenium.NoSuchElementException: no such element: Unable to locate element: {"method":"xpath","selector":"//button[contains(text(),'Create account with password')]"}
  (Session info: chrome=113.0.5672.127)
For documentation on this error, please visit: https://selenium.dev/exceptions/#no_such_element
Build info: version: '4.9.0', revision: 'd7057100a6'
System info: os.name: 'Windows 10', os.arch: 'amd64', os.version: '10.0', java.version: '14.0.2'
Driver info: org.openqa.selenium.chrome.ChromeDriver
Command: [165ba2f7b050e262b95e27c9c691d139, findElement {using=xpath, value=//button[contains(text(),'Create account with password')]}]
Capabilities {acceptInsecureCerts: false, browserName: chrome, browserVersion: 113.0.5672.127, chrome: {chromedriverVersion: 113.0.5672.63 (0e1a4471d5ae..., userDataDir: C:\Users\APURBO~1\AppData\L...}, goog:chromeOptions: {debuggerAddress: localhost:54476}, networkConnectionEnabled: false, pageLoadStrategy: normal, platformName: WINDOWS, proxy: Proxy(), se:cdp: ws://localhost:54476/devtoo..., se:cdpVersion: 113.0.5672.127, setWindowRect: true, strictFileInteractability: false, timeouts: {implicit: 0, pageLoad: 300000, script: 30000}, unhandledPromptBehavior: dismiss and notify, webauthn:extension:credBlob: true, webauthn:extension:largeBlob: true, webauthn:extension:minPinLength: true, webauthn:extension:prf: true, webauthn:virtualAuthenticators: true}
Session ID: 165ba2f7b050e262b95e27c9c691d139
at org.openqa.selenium.remote.codec.w3c.W3CHttpResponseCodec.createException(W3CHttpResponseCodec.java:200)
at org.openqa.selenium.remote.codec.w3c.W3CHttpResponseCodec.decode(W3CHttpResponseCodec.java:133)
at org.openqa.selenium.remote.codec.w3c.W3CHttpResponseCodec.decode(W3CHttpResponseCodec.java:53)
at org.openqa.selenium.remote.HttpCommandExecutor.execute(HttpCommandExecutor.java:193)
at org.openqa.selenium.remote.service.DriverCommandExecutor.invokeExecute(DriverCommandExecutor.java:183)
at org.openqa.selenium.remote.service.DriverCommandExecutor.execute(DriverCommandExecutor.java:158)
at org.openqa.selenium.remote.RemoteWebDriver.execute(RemoteWebDriver.java:543)
at org.openqa.selenium.remote.ElementLocation$ElementFinder$2.findElement(ElementLocation.java:162)
at org.openqa.selenium.remote.ElementLocation.findElement(ElementLocation.java:60)
at org.openqa.selenium.remote.RemoteWebDriver.findElement(RemoteWebDriver.java:352)
at org.openqa.selenium.remote.RemoteWebDriver.findElement(RemoteWebDriver.java:344)
at pages.BasePage.findElement(BasePage.java:30)
at pages.RegisterPage.registerWithValidDataCreateNewUsers(RegisterPage.java:53)
at testcases.RegisterTestCases.registerFromCartPage(RegisterTestCases.java:158)
at java.base/java.util.concurrent.ThreadPoolExecutor.runWorker(ThreadPoolExecutor.java:1130)
at java.base/java.util.concurrent.ThreadPoolExecutor$Worker.run(ThreadPoolExecutor.java:630)
at java.base/java.lang.Thread.run(Thread.java:832)
... Removed 17 stack frames]]>
    </failure>
  </testcase> <!-- registerFromCartPage -->
  <testcase classname="testcases.RegisterTestCases" name="registerPageBacktoHomeButtonTest" time="12.594"/>
  <testcase classname="testcases.RegisterTestCases" name="registerPageSigninButtonTest" time="13.911"/>
  <testcase classname="testcases.RegisterTestCases" name="registerPageTermsandConditionLinkcheck" time="16.065"/>
  <testcase classname="testcases.RegisterTestCases" name="registerPageTermsandConditionSelectDeselect" time="6.95"/>
  <testcase classname="testcases.RegisterTestCases" name="registerWithExistingUserMail" time="5.015"/>
  <testcase classname="testcases.RegisterTestCases" name="registerPageValidationtextsVerify" time="16.479"/>
  <testcase classname="testcases.RegisterTestCases" name="registerWithInvalidEmailFormat" time="11.706"/>
  <testcase classname="testcases.RegisterTestCases" name="registerWithValidData" time="8.119">
    <failure type="org.openqa.selenium.NoSuchElementException" message="no such element: Unable to locate element: {&amp;quot;method&amp;quot;:&amp;quot;xpath&amp;quot;,&amp;quot;selector&amp;quot;:&amp;quot;//button[contains(text(),&amp;apos;Create account with password&amp;apos;)]&amp;quot;}
  (Session info: chrome=113.0.5672.127)
For documentation on this error, please visit: https://selenium.dev/exceptions/#no_such_element
Build info: version: &amp;apos;4.9.0&amp;apos;, revision: &amp;apos;d7057100a6&amp;apos;
System info: os.name: &amp;apos;Windows 10&amp;apos;, os.arch: &amp;apos;amd64&amp;apos;, os.version: &amp;apos;10.0&amp;apos;, java.version: &amp;apos;14.0.2&amp;apos;
Driver info: org.openqa.selenium.chrome.ChromeDriver
Command: [8c2c9930abbfcf31fc8ee0f52f58d1bf, findElement {using=xpath, value=//button[contains(text(),&amp;apos;Create account with password&amp;apos;)]}]
Capabilities {acceptInsecureCerts: false, browserName: chrome, browserVersion: 113.0.5672.127, chrome: {chromedriverVersion: 113.0.5672.63 (0e1a4471d5ae..., userDataDir: C:\Users\APURBO~1\AppData\L...}, goog:chromeOptions: {debuggerAddress: localhost:54755}, networkConnectionEnabled: false, pageLoadStrategy: normal, platformName: WINDOWS, proxy: Proxy(), se:cdp: ws://localhost:54755/devtoo..., se:cdpVersion: 113.0.5672.127, setWindowRect: true, strictFileInteractability: false, timeouts: {implicit: 0, pageLoad: 300000, script: 30000}, unhandledPromptBehavior: dismiss and notify, webauthn:extension:credBlob: true, webauthn:extension:largeBlob: true, webauthn:extension:minPinLength: true, webauthn:extension:prf: true, webauthn:virtualAuthenticators: true}
Session ID: 8c2c9930abbfcf31fc8ee0f52f58d1bf">
      <![CDATA[org.openqa.selenium.NoSuchElementException: no such element: Unable to locate element: {"method":"xpath","selector":"//button[contains(text(),'Create account with password')]"}
  (Session info: chrome=113.0.5672.127)
For documentation on this error, please visit: https://selenium.dev/exceptions/#no_such_element
Build info: version: '4.9.0', revision: 'd7057100a6'
System info: os.name: 'Windows 10', os.arch: 'amd64', os.version: '10.0', java.version: '14.0.2'
Driver info: org.openqa.selenium.chrome.ChromeDriver
Command: [8c2c9930abbfcf31fc8ee0f52f58d1bf, findElement {using=xpath, value=//button[contains(text(),'Create account with password')]}]
Capabilities {acceptInsecureCerts: false, browserName: chrome, browserVersion: 113.0.5672.127, chrome: {chromedriverVersion: 113.0.5672.63 (0e1a4471d5ae..., userDataDir: C:\Users\APURBO~1\AppData\L...}, goog:chromeOptions: {debuggerAddress: localhost:54755}, networkConnectionEnabled: false, pageLoadStrategy: normal, platformName: WINDOWS, proxy: Proxy(), se:cdp: ws://localhost:54755/devtoo..., se:cdpVersion: 113.0.5672.127, setWindowRect: true, strictFileInteractability: false, timeouts: {implicit: 0, pageLoad: 300000, script: 30000}, unhandledPromptBehavior: dismiss and notify, webauthn:extension:credBlob: true, webauthn:extension:largeBlob: true, webauthn:extension:minPinLength: true, webauthn:extension:prf: true, webauthn:virtualAuthenticators: true}
Session ID: 8c2c9930abbfcf31fc8ee0f52f58d1bf
at org.openqa.selenium.remote.codec.w3c.W3CHttpResponseCodec.createException(W3CHttpResponseCodec.java:200)
at org.openqa.selenium.remote.codec.w3c.W3CHttpResponseCodec.decode(W3CHttpResponseCodec.java:133)
at org.openqa.selenium.remote.codec.w3c.W3CHttpResponseCodec.decode(W3CHttpResponseCodec.java:53)
at org.openqa.selenium.remote.HttpCommandExecutor.execute(HttpCommandExecutor.java:193)
at org.openqa.selenium.remote.service.DriverCommandExecutor.invokeExecute(DriverCommandExecutor.java:183)
at org.openqa.selenium.remote.service.DriverCommandExecutor.execute(DriverCommandExecutor.java:158)
at org.openqa.selenium.remote.RemoteWebDriver.execute(RemoteWebDriver.java:543)
at org.openqa.selenium.remote.ElementLocation$ElementFinder$2.findElement(ElementLocation.java:162)
at org.openqa.selenium.remote.ElementLocation.findElement(ElementLocation.java:60)
at org.openqa.selenium.remote.RemoteWebDriver.findElement(RemoteWebDriver.java:352)
at org.openqa.selenium.remote.RemoteWebDriver.findElement(RemoteWebDriver.java:344)
at pages.BasePage.findElement(BasePage.java:30)
at pages.RegisterPage.registerWithValidDataCreateNewUsers(RegisterPage.java:53)
at testcases.RegisterTestCases.registerWithValidData(RegisterTestCases.java:22)
at java.base/java.util.concurrent.ThreadPoolExecutor.runWorker(ThreadPoolExecutor.java:1130)
at java.base/java.util.concurrent.ThreadPoolExecutor$Worker.run(ThreadPoolExecutor.java:630)
at java.base/java.lang.Thread.run(Thread.java:832)
... Removed 17 stack frames]]>
    </failure>
  </testcase> <!-- registerWithValidData -->
  <testcase classname="testcases.TemplatesTestCases" name="filterByElement" time="7.468"/>
  <testcase classname="testcases.TemplatesTestCases" name="filterLeftButtonTest" time="8.958"/>
  <testcase classname="testcases.TemplatesTestCases" name="filterByElementDeselect" time="14.372"/>
  <testcase classname="testcases.TemplatesTestCases" name="filterRightButtonTest" time="7.207"/>
  <testcase classname="testcases.TemplatesTestCases" name="searchByLargeName" time="7.454"/>
  <testcase classname="testcases.TemplatesTestCases" name="filterScrollLastElement" time="17.297"/>
  <testcase classname="testcases.TemplatesTestCases" name="searchUsingWhiteSpace" time="5.356"/>
  <testcase classname="testcases.TemplatesTestCases" name="searchValidName" time="7.042"/>
  <testcase classname="testcases.TemplatesTestCases" name="templatePageScroll" time="8.134"/>
  <testcase classname="testcases.TemplatesTestCases" name="searchValidNameSelect" time="13.525"/>
</testsuite> <!-- Test -->
