<?xml version="1.0" encoding="UTF-8"?>
<testng-results ignored="19" total="20" passed="1" failed="0" skipped="0">
  <reporter-output>
  </reporter-output>
  <suite started-at="2023-07-16T16:50:20 BDT" name="Default suite" finished-at="2023-07-16T16:50:33 BDT" duration-ms="13515">
    <groups>
    </groups>
    <test started-at="2023-07-16T16:50:20 BDT" name="Default test" finished-at="2023-07-16T16:50:33 BDT" duration-ms="13515">
      <class name="testcases.DashboardProfilePageTestCases">
        <test-method is-config="true" signature="setBrowser()[pri:0, instance:testcases.DashboardProfilePageTestCases@512baff6]" started-at="2023-07-16T16:50:20 BDT" name="setBrowser" finished-at="2023-07-16T16:50:22 BDT" duration-ms="2509" status="PASS">
          <reporter-output>
          </reporter-output>
        </test-method> <!-- setBrowser -->
        <test-method signature="workExperienceDelete()[pri:0, instance:testcases.DashboardProfilePageTestCases@512baff6]" started-at="2023-07-16T16:50:23 BDT" name="workExperienceDelete" finished-at="2023-07-16T16:50:32 BDT" duration-ms="9620" status="PASS">
          <reporter-output>
          </reporter-output>
        </test-method> <!-- workExperienceDelete -->
        <test-method is-config="true" signature="closeBrowser()[pri:0, instance:testcases.DashboardProfilePageTestCases@512baff6]" started-at="2023-07-16T16:50:32 BDT" name="closeBrowser" finished-at="2023-07-16T16:50:33 BDT" duration-ms="1184" status="PASS">
          <reporter-output>
          </reporter-output>
        </test-method> <!-- closeBrowser -->
      </class> <!-- testcases.DashboardProfilePageTestCases -->
    </test> <!-- Default test -->
  </suite> <!-- Default suite -->
</testng-results>
