<?xml version="1.0" encoding="UTF-8"?>
<testng-results ignored="59" total="60" passed="1" failed="0" skipped="0">
  <reporter-output>
  </reporter-output>
  <suite started-at="2023-05-21T12:14:08 BDT" name="Default suite" finished-at="2023-05-21T12:14:25 BDT" duration-ms="17210">
    <groups>
    </groups>
    <test started-at="2023-05-21T12:14:08 BDT" name="Default test" finished-at="2023-05-21T12:14:25 BDT" duration-ms="17210">
      <class name="testcases.LandingTestCases">
        <test-method is-config="true" signature="setBrowser()[pri:0, instance:testcases.LandingTestCases@53fe15ff]" started-at="2023-05-21T12:14:08 BDT" name="setBrowser" finished-at="2023-05-21T12:14:11 BDT" duration-ms="3332" status="PASS">
          <reporter-output>
          </reporter-output>
        </test-method> <!-- setBrowser -->
        <test-method signature="footerNewsLetterTextVerify()[pri:0, instance:testcases.LandingTestCases@53fe15ff]" started-at="2023-05-21T12:14:11 BDT" name="footerNewsLetterTextVerify" finished-at="2023-05-21T12:14:24 BDT" duration-ms="12531" status="PASS">
          <reporter-output>
          </reporter-output>
        </test-method> <!-- footerNewsLetterTextVerify -->
        <test-method is-config="true" signature="closeBrowser()[pri:0, instance:testcases.LandingTestCases@53fe15ff]" started-at="2023-05-21T12:14:24 BDT" name="closeBrowser" finished-at="2023-05-21T12:14:25 BDT" duration-ms="1261" status="PASS">
          <reporter-output>
          </reporter-output>
        </test-method> <!-- closeBrowser -->
      </class> <!-- testcases.LandingTestCases -->
    </test> <!-- Default test -->
  </suite> <!-- Default suite -->
</testng-results>
